<?xml version="1.0" encoding="UTF-8"?>
<testng-results ignored="0" total="1" passed="1" failed="0" skipped="0">
  <reporter-output>
  </reporter-output>
  <suite started-at="2024-01-18T19:20:24 IST" name="Default suite" finished-at="2024-01-18T19:21:43 IST" duration-ms="79494">
    <groups>
    </groups>
    <test started-at="2024-01-18T19:20:24 IST" name="Default test" finished-at="2024-01-18T19:21:43 IST" duration-ms="79494">
      <class name="Project2.org.Test1">
        <test-method is-config="true" signature="Browsersetup()[pri:0, instance:Project2.org.Test1@740fb309]" started-at="2024-01-18T19:20:24 IST" name="Browsersetup" finished-at="2024-01-18T19:20:32 IST" duration-ms="8162" status="PASS">
          <reporter-output>
          </reporter-output>
        </test-method> <!-- Browsersetup -->
        <test-method signature="login()[pri:0, instance:Project2.org.Test1@740fb309]" started-at="2024-01-18T19:20:32 IST" name="login" finished-at="2024-01-18T19:21:43 IST" duration-ms="71258" status="PASS">
          <reporter-output>
          </reporter-output>
        </test-method> <!-- login -->
        <test-method is-config="true" signature="browser_close()[pri:0, instance:Project2.org.Test1@740fb309]" started-at="2024-01-18T19:21:43 IST" name="browser_close" finished-at="2024-01-18T19:21:43 IST" duration-ms="0" status="PASS">
          <reporter-output>
          </reporter-output>
        </test-method> <!-- browser_close -->
      </class> <!-- Project2.org.Test1 -->
    </test> <!-- Default test -->
  </suite> <!-- Default suite -->
</testng-results>
